<?xml version="1.0" encoding="UTF-8"?>
<!-- Generated by org.testng.reporters.JUnitXMLReporter -->
<testsuite ignored="0" hostname="apples-MacBook-Pro.local" failures="1" tests="1" name="OpenCart Tests(failed)" time="23.932" errors="0" timestamp="2022-04-01T23:13:00 IST">
  <testcase classname="testCases.TC_001_AccountRegidtration" name="test_account_Registration" time="15.767">
    <failure type="java.lang.AssertionError" message="expected [true] but found [false]">
      <![CDATA[java.lang.AssertionError: expected [true] but found [false]
at testCases.TC_001_AccountRegidtration.test_account_Registration(TC_001_AccountRegidtration.java:50)
at java.base/java.util.ArrayList.forEach(ArrayList.java:1511)
... Removed 31 stack frames]]>
    </failure>
  </testcase> <!-- test_account_Registration -->
</testsuite> <!-- OpenCart Tests(failed) -->
