22:59:36.432 [main] DEBUG io.netty.util.internal.logging.InternalLoggerFactory - Using Log4J2 as the default logging framework
22:59:36.440 [main] DEBUG io.netty.util.ResourceLeakDetector - -Dio.netty.leakDetection.level: simple
22:59:36.440 [main] DEBUG io.netty.util.ResourceLeakDetector - -Dio.netty.leakDetection.targetRecords: 4
22:59:36.447 [main] DEBUG io.netty.util.ResourceLeakDetectorFactory - Loaded default ResourceLeakDetector: io.netty.util.ResourceLeakDetector@168cd36b
22:59:36.466 [main] DEBUG io.netty.util.internal.PlatformDependent0 - -Dio.netty.noUnsafe: false
22:59:36.466 [main] DEBUG io.netty.util.internal.PlatformDependent0 - Java version: 17
22:59:36.467 [main] DEBUG io.netty.util.internal.PlatformDependent0 - sun.misc.Unsafe.theUnsafe: available
22:59:36.468 [main] DEBUG io.netty.util.internal.PlatformDependent0 - sun.misc.Unsafe.copyMemory: available
22:59:36.469 [main] DEBUG io.netty.util.internal.PlatformDependent0 - java.nio.Buffer.address: available
22:59:36.469 [main] DEBUG io.netty.util.internal.PlatformDependent0 - direct buffer constructor: unavailable
java.lang.UnsupportedOperationException: Reflective setAccessible(true) disabled
	at io.netty.util.internal.ReflectionUtil.trySetAccessible(ReflectionUtil.java:31) ~[netty-common-4.1.75.Final.jar:4.1.75.Final]
	at io.netty.util.internal.PlatformDependent0$4.run(PlatformDependent0.java:253) ~[netty-common-4.1.75.Final.jar:4.1.75.Final]
	at java.security.AccessController.doPrivileged(AccessController.java:318) ~[?:?]
	at io.netty.util.internal.PlatformDependent0.<clinit>(PlatformDependent0.java:247) ~[netty-common-4.1.75.Final.jar:4.1.75.Final]
	at io.netty.util.internal.PlatformDependent.isAndroid(PlatformDependent.java:294) ~[netty-common-4.1.75.Final.jar:4.1.75.Final]
	at io.netty.util.internal.PlatformDependent.<clinit>(PlatformDependent.java:88) ~[netty-common-4.1.75.Final.jar:4.1.75.Final]
	at io.netty.util.HashedWheelTimer.<init>(HashedWheelTimer.java:114) ~[netty-common-4.1.75.Final.jar:4.1.75.Final]
	at io.netty.util.HashedWheelTimer.<init>(HashedWheelTimer.java:251) ~[netty-common-4.1.75.Final.jar:4.1.75.Final]
	at io.netty.util.HashedWheelTimer.<init>(HashedWheelTimer.java:224) ~[netty-common-4.1.75.Final.jar:4.1.75.Final]
	at io.netty.util.HashedWheelTimer.<init>(HashedWheelTimer.java:203) ~[netty-common-4.1.75.Final.jar:4.1.75.Final]
	at org.asynchttpclient.DefaultAsyncHttpClient.newNettyTimer(DefaultAsyncHttpClient.java:111) ~[async-http-client-2.12.3.jar:?]
	at org.asynchttpclient.DefaultAsyncHttpClient.<init>(DefaultAsyncHttpClient.java:90) ~[async-http-client-2.12.3.jar:?]
	at org.asynchttpclient.Dsl.asyncHttpClient(Dsl.java:32) ~[async-http-client-2.12.3.jar:?]
	at org.openqa.selenium.remote.http.netty.NettyClient.createHttpClient(NettyClient.java:119) ~[selenium-remote-driver-4.1.3.jar:?]
	at org.openqa.selenium.remote.http.netty.NettyClient.<clinit>(NettyClient.java:52) ~[selenium-remote-driver-4.1.3.jar:?]
	at org.openqa.selenium.remote.http.netty.NettyClient$Factory.createClient(NettyClient.java:160) ~[selenium-remote-driver-4.1.3.jar:?]
	at org.openqa.selenium.remote.HttpCommandExecutor.<init>(HttpCommandExecutor.java:107) ~[selenium-remote-driver-4.1.3.jar:?]
	at org.openqa.selenium.remote.HttpCommandExecutor.<init>(HttpCommandExecutor.java:94) ~[selenium-remote-driver-4.1.3.jar:?]
	at org.openqa.selenium.remote.HttpCommandExecutor.<init>(HttpCommandExecutor.java:85) ~[selenium-remote-driver-4.1.3.jar:?]
	at org.openqa.selenium.remote.service.DriverCommandExecutor.<init>(DriverCommandExecutor.java:80) ~[selenium-remote-driver-4.1.3.jar:?]
	at org.openqa.selenium.chromium.ChromiumDriverCommandExecutor.<init>(ChromiumDriverCommandExecutor.java:35) ~[selenium-chromium-driver-4.1.3.jar:?]
	at org.openqa.selenium.chrome.ChromeDriver$ChromeDriverCommandExecutor.<init>(ChromeDriver.java:118) ~[selenium-chrome-driver-4.1.3.jar:?]
	at org.openqa.selenium.chrome.ChromeDriver.<init>(ChromeDriver.java:106) ~[selenium-chrome-driver-4.1.3.jar:?]
	at org.openqa.selenium.chrome.ChromeDriver.<init>(ChromeDriver.java:93) ~[selenium-chrome-driver-4.1.3.jar:?]
	at org.openqa.selenium.chrome.ChromeDriver.<init>(ChromeDriver.java:48) ~[selenium-chrome-driver-4.1.3.jar:?]
	at testBase.BaseClass.setup(BaseClass.java:27) ~[test-classes/:?]
	at jdk.internal.reflect.NativeMethodAccessorImpl.invoke0(Native Method) ~[?:?]
	at jdk.internal.reflect.NativeMethodAccessorImpl.invoke(NativeMethodAccessorImpl.java:77) ~[?:?]
	at jdk.internal.reflect.DelegatingMethodAccessorImpl.invoke(DelegatingMethodAccessorImpl.java:43) ~[?:?]
	at java.lang.reflect.Method.invoke(Method.java:568) ~[?:?]
	at org.testng.internal.invokers.MethodInvocationHelper.invokeMethod(MethodInvocationHelper.java:135) ~[testng-7.5.jar:7.5]
	at org.testng.internal.invokers.MethodInvocationHelper.invokeMethodConsideringTimeout(MethodInvocationHelper.java:65) ~[testng-7.5.jar:7.5]
	at org.testng.internal.invokers.ConfigInvoker.invokeConfigurationMethod(ConfigInvoker.java:381) ~[testng-7.5.jar:7.5]
	at org.testng.internal.invokers.ConfigInvoker.invokeConfigurations(ConfigInvoker.java:319) ~[testng-7.5.jar:7.5]
	at org.testng.internal.invokers.TestMethodWorker.invokeBeforeClassMethods(TestMethodWorker.java:178) ~[testng-7.5.jar:7.5]
	at org.testng.internal.invokers.TestMethodWorker.run(TestMethodWorker.java:122) ~[testng-7.5.jar:7.5]
	at java.util.ArrayList.forEach(ArrayList.java:1511) [?:?]
	at org.testng.TestRunner.privateRun(TestRunner.java:808) [testng-7.5.jar:7.5]
	at org.testng.TestRunner.run(TestRunner.java:603) [testng-7.5.jar:7.5]
	at org.testng.SuiteRunner.runTest(SuiteRunner.java:429) [testng-7.5.jar:7.5]
	at org.testng.SuiteRunner.runSequentially(SuiteRunner.java:423) [testng-7.5.jar:7.5]
	at org.testng.SuiteRunner.privateRun(SuiteRunner.java:383) [testng-7.5.jar:7.5]
	at org.testng.SuiteRunner.run(SuiteRunner.java:326) [testng-7.5.jar:7.5]
	at org.testng.SuiteRunnerWorker.runSuite(SuiteRunnerWorker.java:52) [testng-7.5.jar:7.5]
	at org.testng.SuiteRunnerWorker.run(SuiteRunnerWorker.java:95) [testng-7.5.jar:7.5]
	at org.testng.TestNG.runSuitesSequentially(TestNG.java:1249) [testng-7.5.jar:7.5]
	at org.testng.TestNG.runSuitesLocally(TestNG.java:1169) [testng-7.5.jar:7.5]
	at org.testng.TestNG.runSuites(TestNG.java:1092) [testng-7.5.jar:7.5]
	at org.testng.TestNG.run(TestNG.java:1060) [testng-7.5.jar:7.5]
	at org.testng.remote.AbstractRemoteTestNG.run(AbstractRemoteTestNG.java:115) [testng-remote.jar:?]
	at org.testng.remote.RemoteTestNG.initAndRun(RemoteTestNG.java:251) [testng-remote.jar:?]
	at org.testng.remote.RemoteTestNG.main(RemoteTestNG.java:77) [testng-remote.jar:?]
22:59:36.475 [main] DEBUG io.netty.util.internal.PlatformDependent0 - java.nio.Bits.unaligned: available, true
22:59:36.476 [main] DEBUG io.netty.util.internal.PlatformDependent0 - jdk.internal.misc.Unsafe.allocateUninitializedArray(int): unavailable
java.lang.IllegalAccessException: class io.netty.util.internal.PlatformDependent0$6 cannot access class jdk.internal.misc.Unsafe (in module java.base) because module java.base does not export jdk.internal.misc to unnamed module @7d9d1a19
	at jdk.internal.reflect.Reflection.newIllegalAccessException(Reflection.java:392) ~[?:?]
	at java.lang.reflect.AccessibleObject.checkAccess(AccessibleObject.java:674) ~[?:?]
	at java.lang.reflect.Method.invoke(Method.java:560) ~[?:?]
	at io.netty.util.internal.PlatformDependent0$6.run(PlatformDependent0.java:375) ~[netty-common-4.1.75.Final.jar:4.1.75.Final]
	at java.security.AccessController.doPrivileged(AccessController.java:318) ~[?:?]
	at io.netty.util.internal.PlatformDependent0.<clinit>(PlatformDependent0.java:366) ~[netty-common-4.1.75.Final.jar:4.1.75.Final]
	at io.netty.util.internal.PlatformDependent.isAndroid(PlatformDependent.java:294) ~[netty-common-4.1.75.Final.jar:4.1.75.Final]
	at io.netty.util.internal.PlatformDependent.<clinit>(PlatformDependent.java:88) ~[netty-common-4.1.75.Final.jar:4.1.75.Final]
	at io.netty.util.HashedWheelTimer.<init>(HashedWheelTimer.java:114) ~[netty-common-4.1.75.Final.jar:4.1.75.Final]
	at io.netty.util.HashedWheelTimer.<init>(HashedWheelTimer.java:251) ~[netty-common-4.1.75.Final.jar:4.1.75.Final]
	at io.netty.util.HashedWheelTimer.<init>(HashedWheelTimer.java:224) ~[netty-common-4.1.75.Final.jar:4.1.75.Final]
	at io.netty.util.HashedWheelTimer.<init>(HashedWheelTimer.java:203) ~[netty-common-4.1.75.Final.jar:4.1.75.Final]
	at org.asynchttpclient.DefaultAsyncHttpClient.newNettyTimer(DefaultAsyncHttpClient.java:111) ~[async-http-client-2.12.3.jar:?]
	at org.asynchttpclient.DefaultAsyncHttpClient.<init>(DefaultAsyncHttpClient.java:90) ~[async-http-client-2.12.3.jar:?]
	at org.asynchttpclient.Dsl.asyncHttpClient(Dsl.java:32) ~[async-http-client-2.12.3.jar:?]
	at org.openqa.selenium.remote.http.netty.NettyClient.createHttpClient(NettyClient.java:119) ~[selenium-remote-driver-4.1.3.jar:?]
	at org.openqa.selenium.remote.http.netty.NettyClient.<clinit>(NettyClient.java:52) ~[selenium-remote-driver-4.1.3.jar:?]
	at org.openqa.selenium.remote.http.netty.NettyClient$Factory.createClient(NettyClient.java:160) ~[selenium-remote-driver-4.1.3.jar:?]
	at org.openqa.selenium.remote.HttpCommandExecutor.<init>(HttpCommandExecutor.java:107) ~[selenium-remote-driver-4.1.3.jar:?]
	at org.openqa.selenium.remote.HttpCommandExecutor.<init>(HttpCommandExecutor.java:94) ~[selenium-remote-driver-4.1.3.jar:?]
	at org.openqa.selenium.remote.HttpCommandExecutor.<init>(HttpCommandExecutor.java:85) ~[selenium-remote-driver-4.1.3.jar:?]
	at org.openqa.selenium.remote.service.DriverCommandExecutor.<init>(DriverCommandExecutor.java:80) ~[selenium-remote-driver-4.1.3.jar:?]
	at org.openqa.selenium.chromium.ChromiumDriverCommandExecutor.<init>(ChromiumDriverCommandExecutor.java:35) ~[selenium-chromium-driver-4.1.3.jar:?]
	at org.openqa.selenium.chrome.ChromeDriver$ChromeDriverCommandExecutor.<init>(ChromeDriver.java:118) ~[selenium-chrome-driver-4.1.3.jar:?]
	at org.openqa.selenium.chrome.ChromeDriver.<init>(ChromeDriver.java:106) ~[selenium-chrome-driver-4.1.3.jar:?]
	at org.openqa.selenium.chrome.ChromeDriver.<init>(ChromeDriver.java:93) ~[selenium-chrome-driver-4.1.3.jar:?]
	at org.openqa.selenium.chrome.ChromeDriver.<init>(ChromeDriver.java:48) ~[selenium-chrome-driver-4.1.3.jar:?]
	at testBase.BaseClass.setup(BaseClass.java:27) ~[test-classes/:?]
	at jdk.internal.reflect.NativeMethodAccessorImpl.invoke0(Native Method) ~[?:?]
	at jdk.internal.reflect.NativeMethodAccessorImpl.invoke(NativeMethodAccessorImpl.java:77) ~[?:?]
	at jdk.internal.reflect.DelegatingMethodAccessorImpl.invoke(DelegatingMethodAccessorImpl.java:43) ~[?:?]
	at java.lang.reflect.Method.invoke(Method.java:568) ~[?:?]
	at org.testng.internal.invokers.MethodInvocationHelper.invokeMethod(MethodInvocationHelper.java:135) ~[testng-7.5.jar:7.5]
	at org.testng.internal.invokers.MethodInvocationHelper.invokeMethodConsideringTimeout(MethodInvocationHelper.java:65) ~[testng-7.5.jar:7.5]
	at org.testng.internal.invokers.ConfigInvoker.invokeConfigurationMethod(ConfigInvoker.java:381) ~[testng-7.5.jar:7.5]
	at org.testng.internal.invokers.ConfigInvoker.invokeConfigurations(ConfigInvoker.java:319) ~[testng-7.5.jar:7.5]
	at org.testng.internal.invokers.TestMethodWorker.invokeBeforeClassMethods(TestMethodWorker.java:178) ~[testng-7.5.jar:7.5]
	at org.testng.internal.invokers.TestMethodWorker.run(TestMethodWorker.java:122) ~[testng-7.5.jar:7.5]
	at java.util.ArrayList.forEach(ArrayList.java:1511) [?:?]
	at org.testng.TestRunner.privateRun(TestRunner.java:808) [testng-7.5.jar:7.5]
	at org.testng.TestRunner.run(TestRunner.java:603) [testng-7.5.jar:7.5]
	at org.testng.SuiteRunner.runTest(SuiteRunner.java:429) [testng-7.5.jar:7.5]
	at org.testng.SuiteRunner.runSequentially(SuiteRunner.java:423) [testng-7.5.jar:7.5]
	at org.testng.SuiteRunner.privateRun(SuiteRunner.java:383) [testng-7.5.jar:7.5]
	at org.testng.SuiteRunner.run(SuiteRunner.java:326) [testng-7.5.jar:7.5]
	at org.testng.SuiteRunnerWorker.runSuite(SuiteRunnerWorker.java:52) [testng-7.5.jar:7.5]
	at org.testng.SuiteRunnerWorker.run(SuiteRunnerWorker.java:95) [testng-7.5.jar:7.5]
	at org.testng.TestNG.runSuitesSequentially(TestNG.java:1249) [testng-7.5.jar:7.5]
	at org.testng.TestNG.runSuitesLocally(TestNG.java:1169) [testng-7.5.jar:7.5]
	at org.testng.TestNG.runSuites(TestNG.java:1092) [testng-7.5.jar:7.5]
	at org.testng.TestNG.run(TestNG.java:1060) [testng-7.5.jar:7.5]
	at org.testng.remote.AbstractRemoteTestNG.run(AbstractRemoteTestNG.java:115) [testng-remote.jar:?]
	at org.testng.remote.RemoteTestNG.initAndRun(RemoteTestNG.java:251) [testng-remote.jar:?]
	at org.testng.remote.RemoteTestNG.main(RemoteTestNG.java:77) [testng-remote.jar:?]
22:59:36.478 [main] DEBUG io.netty.util.internal.PlatformDependent0 - java.nio.DirectByteBuffer.<init>(long, int): unavailable
22:59:36.478 [main] DEBUG io.netty.util.internal.PlatformDependent - sun.misc.Unsafe: available
22:59:36.479 [main] DEBUG io.netty.util.internal.PlatformDependent - maxDirectMemory: 4294967296 bytes (maybe)
22:59:36.479 [main] DEBUG io.netty.util.internal.PlatformDependent - -Dio.netty.tmpdir: /var/folders/jn/r_qcrfms7kl9k3tfqj9z4l9w0000gn/T (java.io.tmpdir)
22:59:36.479 [main] DEBUG io.netty.util.internal.PlatformDependent - -Dio.netty.bitMode: 64 (sun.arch.data.model)
22:59:36.479 [main] DEBUG io.netty.util.internal.PlatformDependent - Platform: MacOS
22:59:36.480 [main] DEBUG io.netty.util.internal.PlatformDependent - -Dio.netty.maxDirectMemory: -1 bytes
22:59:36.480 [main] DEBUG io.netty.util.internal.PlatformDependent - -Dio.netty.uninitializedArrayAllocationThreshold: -1
22:59:36.481 [main] DEBUG io.netty.util.internal.CleanerJava9 - java.nio.ByteBuffer.cleaner(): available
22:59:36.481 [main] DEBUG io.netty.util.internal.PlatformDependent - -Dio.netty.noPreferDirect: false
22:59:36.487 [main] DEBUG io.netty.util.internal.PlatformDependent - org.jctools-core.MpscChunkedArrayQueue: available
22:59:36.512 [main] DEBUG io.netty.util.internal.InternalThreadLocalMap - -Dio.netty.threadLocalMap.stringBuilder.initialSize: 1024
22:59:36.512 [main] DEBUG io.netty.util.internal.InternalThreadLocalMap - -Dio.netty.threadLocalMap.stringBuilder.maxSize: 4096
22:59:36.533 [main] DEBUG io.netty.handler.ssl.JdkSslContext - Default protocols (JDK): [TLSv1.3, TLSv1.2] 
22:59:36.533 [main] DEBUG io.netty.handler.ssl.JdkSslContext - Default cipher suites (JDK): [TLS_ECDHE_ECDSA_WITH_AES_256_GCM_SHA384, TLS_ECDHE_ECDSA_WITH_AES_128_GCM_SHA256, TLS_ECDHE_RSA_WITH_AES_128_GCM_SHA256, TLS_ECDHE_RSA_WITH_AES_256_GCM_SHA384, TLS_ECDHE_RSA_WITH_AES_128_CBC_SHA, TLS_ECDHE_RSA_WITH_AES_256_CBC_SHA, TLS_RSA_WITH_AES_128_GCM_SHA256, TLS_RSA_WITH_AES_128_CBC_SHA, TLS_RSA_WITH_AES_256_CBC_SHA, TLS_AES_128_GCM_SHA256, TLS_AES_256_GCM_SHA384]
22:59:36.573 [main] DEBUG io.netty.channel.MultithreadEventLoopGroup - -Dio.netty.eventLoopThreads: 16
22:59:36.582 [main] DEBUG io.netty.channel.nio.NioEventLoop - -Dio.netty.noKeySetOptimization: false
22:59:36.583 [main] DEBUG io.netty.channel.nio.NioEventLoop - -Dio.netty.selectorAutoRebuildThreshold: 512
22:59:36.590 [main] TRACE io.netty.channel.nio.NioEventLoop - instrumented a special java.util.Set into: sun.nio.ch.KQueueSelectorImpl@26c47874
22:59:36.591 [main] TRACE io.netty.channel.nio.NioEventLoop - instrumented a special java.util.Set into: sun.nio.ch.KQueueSelectorImpl@255eaa6b
22:59:36.591 [main] TRACE io.netty.channel.nio.NioEventLoop - instrumented a special java.util.Set into: sun.nio.ch.KQueueSelectorImpl@476fe690
22:59:36.591 [main] TRACE io.netty.channel.nio.NioEventLoop - instrumented a special java.util.Set into: sun.nio.ch.KQueueSelectorImpl@7a0e7ecd
22:59:36.591 [main] TRACE io.netty.channel.nio.NioEventLoop - instrumented a special java.util.Set into: sun.nio.ch.KQueueSelectorImpl@54e3658c
22:59:36.591 [main] TRACE io.netty.channel.nio.NioEventLoop - instrumented a special java.util.Set into: sun.nio.ch.KQueueSelectorImpl@43e9089
22:59:36.592 [main] TRACE io.netty.channel.nio.NioEventLoop - instrumented a special java.util.Set into: sun.nio.ch.KQueueSelectorImpl@3c5dbdf8
22:59:36.592 [main] TRACE io.netty.channel.nio.NioEventLoop - instrumented a special java.util.Set into: sun.nio.ch.KQueueSelectorImpl@352c44a8
22:59:36.592 [main] TRACE io.netty.channel.nio.NioEventLoop - instrumented a special java.util.Set into: sun.nio.ch.KQueueSelectorImpl@7aac8884
22:59:36.592 [main] TRACE io.netty.channel.nio.NioEventLoop - instrumented a special java.util.Set into: sun.nio.ch.KQueueSelectorImpl@a66e580
22:59:36.592 [main] TRACE io.netty.channel.nio.NioEventLoop - instrumented a special java.util.Set into: sun.nio.ch.KQueueSelectorImpl@5b852b49
22:59:36.592 [main] TRACE io.netty.channel.nio.NioEventLoop - instrumented a special java.util.Set into: sun.nio.ch.KQueueSelectorImpl@cdb2d95
22:59:36.592 [main] TRACE io.netty.channel.nio.NioEventLoop - instrumented a special java.util.Set into: sun.nio.ch.KQueueSelectorImpl@122d6c22
22:59:36.593 [main] TRACE io.netty.channel.nio.NioEventLoop - instrumented a special java.util.Set into: sun.nio.ch.KQueueSelectorImpl@2f5ac102
22:59:36.593 [main] TRACE io.netty.channel.nio.NioEventLoop - instrumented a special java.util.Set into: sun.nio.ch.KQueueSelectorImpl@5df778c3
22:59:36.593 [main] TRACE io.netty.channel.nio.NioEventLoop - instrumented a special java.util.Set into: sun.nio.ch.KQueueSelectorImpl@895416d
22:59:36.624 [main] DEBUG io.netty.buffer.PooledByteBufAllocator - -Dio.netty.allocator.numHeapArenas: 16
22:59:36.624 [main] DEBUG io.netty.buffer.PooledByteBufAllocator - -Dio.netty.allocator.numDirectArenas: 16
22:59:36.624 [main] DEBUG io.netty.buffer.PooledByteBufAllocator - -Dio.netty.allocator.pageSize: 8192
22:59:36.624 [main] DEBUG io.netty.buffer.PooledByteBufAllocator - -Dio.netty.allocator.maxOrder: 9
22:59:36.624 [main] DEBUG io.netty.buffer.PooledByteBufAllocator - -Dio.netty.allocator.chunkSize: 4194304
22:59:36.624 [main] DEBUG io.netty.buffer.PooledByteBufAllocator - -Dio.netty.allocator.smallCacheSize: 256
22:59:36.624 [main] DEBUG io.netty.buffer.PooledByteBufAllocator - -Dio.netty.allocator.normalCacheSize: 64
22:59:36.625 [main] DEBUG io.netty.buffer.PooledByteBufAllocator - -Dio.netty.allocator.maxCachedBufferCapacity: 32768
22:59:36.625 [main] DEBUG io.netty.buffer.PooledByteBufAllocator - -Dio.netty.allocator.cacheTrimInterval: 8192
22:59:36.625 [main] DEBUG io.netty.buffer.PooledByteBufAllocator - -Dio.netty.allocator.cacheTrimIntervalMillis: 0
22:59:36.625 [main] DEBUG io.netty.buffer.PooledByteBufAllocator - -Dio.netty.allocator.useCacheForAllThreads: false
22:59:36.625 [main] DEBUG io.netty.buffer.PooledByteBufAllocator - -Dio.netty.allocator.maxCachedByteBuffersPerChunk: 1023
22:59:36.638 [main] DEBUG io.netty.buffer.ByteBufUtil - -Dio.netty.allocator.type: pooled
22:59:36.638 [main] DEBUG io.netty.buffer.ByteBufUtil - -Dio.netty.threadLocalDirectBufferSize: 0
22:59:36.638 [main] DEBUG io.netty.buffer.ByteBufUtil - -Dio.netty.maxThreadLocalCharBufferSize: 16384
22:59:36.909 [Forwarding newSession on session null to remote] DEBUG io.netty.channel.DefaultChannelId - -Dio.netty.processId: 10863 (auto-detected)
22:59:36.911 [Forwarding newSession on session null to remote] DEBUG io.netty.util.NetUtil - -Djava.net.preferIPv4Stack: false
22:59:36.912 [Forwarding newSession on session null to remote] DEBUG io.netty.util.NetUtil - -Djava.net.preferIPv6Addresses: false
22:59:36.919 [Forwarding newSession on session null to remote] DEBUG io.netty.util.NetUtilInitializations - Loopback interface: lo0 (lo0, 0:0:0:0:0:0:0:1%lo0)
22:59:36.920 [Forwarding newSession on session null to remote] DEBUG io.netty.util.NetUtil - Failed to get SOMAXCONN from sysctl and file /proc/sys/net/core/somaxconn. Default: 128
22:59:36.922 [Forwarding newSession on session null to remote] DEBUG io.netty.channel.DefaultChannelId - -Dio.netty.machineId: 60:f8:1d:ff:fe:c1:d2:2e (auto-detected)
22:59:36.967 [AsyncHttpClient-1-2] DEBUG io.netty.buffer.AbstractByteBuf - -Dio.netty.buffer.checkAccessible: true
22:59:36.967 [AsyncHttpClient-1-2] DEBUG io.netty.buffer.AbstractByteBuf - -Dio.netty.buffer.checkBounds: true
22:59:36.967 [AsyncHttpClient-1-2] DEBUG io.netty.util.ResourceLeakDetectorFactory - Loaded default ResourceLeakDetector: io.netty.util.ResourceLeakDetector@63c7d438
22:59:36.985 [AsyncHttpClient-1-2] DEBUG io.netty.util.Recycler - -Dio.netty.recycler.maxCapacityPerThread: 4096
22:59:36.986 [AsyncHttpClient-1-2] DEBUG io.netty.util.Recycler - -Dio.netty.recycler.ratio: 8
22:59:36.986 [AsyncHttpClient-1-2] DEBUG io.netty.util.Recycler - -Dio.netty.recycler.chunkSize: 32
22:59:36.986 [AsyncHttpClient-1-2] DEBUG io.netty.util.Recycler - -Dio.netty.recycler.blocking: false
22:59:38.491 [AsyncHttpClient-1-2] DEBUG io.netty.handler.codec.compression.Brotli - brotli4j not in the classpath; Brotli support will be unavailable.
22:59:38.619 [main] DEBUG io.netty.util.internal.ThreadLocalRandom - -Dio.netty.initialSeedUniquifier: 0x1ca3bc1d63bd3ece
22:59:38.692 [main] INFO  testCases.TC_001_AccountRegidtration - Started TC_001_AccountRegidtration 
22:59:40.440 [main] INFO  testCases.TC_001_AccountRegidtration - Opened URL 
22:59:40.729 [main] INFO  testCases.TC_001_AccountRegidtration - Opened ClickMyAccount
22:59:42.258 [main] INFO  testCases.TC_001_AccountRegidtration - Sent Gmail
22:59:45.086 [main] INFO  testCases.TC_001_AccountRegidtration - Your Account is created 
22:59:45.087 [main] INFO  testCases.TC_001_AccountRegidtration - Test case finished ...... 
23:02:57.303 [main] INFO  testCases.TC_001_AccountRegidtration - Started TC_001_AccountRegidtration 
23:02:58.748 [main] INFO  testCases.TC_001_AccountRegidtration - Opened URL 
23:02:59.088 [main] INFO  testCases.TC_001_AccountRegidtration - Opened ClickMyAccount
23:03:00.657 [main] INFO  testCases.TC_001_AccountRegidtration - Sent Gmail
23:03:03.498 [main] INFO  testCases.TC_001_AccountRegidtration - Your Account is created 
23:03:03.499 [main] INFO  testCases.TC_001_AccountRegidtration - Test case finished ...... 
23:52:11.646 [main] INFO  testCases.TC_001_AccountRegidtration - Started TC_001_AccountRegidtration 
23:52:13.013 [main] INFO  testCases.TC_001_AccountRegidtration - Opened URL 
23:52:13.296 [main] INFO  testCases.TC_001_AccountRegidtration - Opened ClickMyAccount
23:52:14.830 [main] INFO  testCases.TC_001_AccountRegidtration - Sent Gmail
23:52:17.534 [main] INFO  testCases.TC_001_AccountRegidtration - Your Account is created 
23:52:17.534 [main] INFO  testCases.TC_001_AccountRegidtration - Test case finished ...... 
23:54:24.322 [main] INFO  testCases.TC_001_AccountRegidtration - Started TC_001_AccountRegidtration 
23:54:25.882 [main] INFO  testCases.TC_001_AccountRegidtration - Opened URL 
23:54:26.782 [main] INFO  testCases.TC_001_AccountRegidtration - Opened ClickMyAccount
23:54:28.104 [main] INFO  testCases.TC_001_AccountRegidtration - Sent Gmail
23:54:30.719 [main] INFO  testCases.TC_001_AccountRegidtration - Your Account is created 
23:54:30.719 [main] INFO  testCases.TC_001_AccountRegidtration - Test case finished ...... 
23:58:40.702 [main] INFO  testCases.TC_001_AccountRegidtration - Started TC_001_AccountRegidtration 
23:58:42.241 [main] INFO  testCases.TC_001_AccountRegidtration - Opened URL 
23:58:43.137 [main] INFO  testCases.TC_001_AccountRegidtration - Opened ClickMyAccount
23:58:44.456 [main] INFO  testCases.TC_001_AccountRegidtration - Sent Gmail
23:58:47.045 [main] INFO  testCases.TC_001_AccountRegidtration - Your Account is created 
23:58:47.045 [main] INFO  testCases.TC_001_AccountRegidtration - Test case finished ...... 
23:58:54.781 [main] INFO  testCases.TC_001_AccountRegidtration - Started TC_001_AccountRegidtration 
23:58:56.116 [main] INFO  testCases.TC_001_AccountRegidtration - Opened URL 
23:58:56.405 [main] INFO  testCases.TC_001_AccountRegidtration - Opened ClickMyAccount
23:58:57.928 [main] INFO  testCases.TC_001_AccountRegidtration - Sent Gmail
23:59:00.496 [main] INFO  testCases.TC_001_AccountRegidtration - Your Account is created 
23:59:00.497 [main] INFO  testCases.TC_001_AccountRegidtration - Test case finished ...... 
00:16:53.719 [main] INFO  testCases.TC_001_AccountRegidtration - Started TC_001_AccountRegidtration 
00:16:55.089 [main] INFO  testCases.TC_001_AccountRegidtration - Opened URL 
00:16:55.350 [main] INFO  testCases.TC_001_AccountRegidtration - Opened ClickMyAccount
00:16:56.827 [main] INFO  testCases.TC_001_AccountRegidtration - Sent Gmail
00:16:59.400 [main] INFO  testCases.TC_001_AccountRegidtration - Your Account is created 
00:16:59.401 [main] INFO  testCases.TC_001_AccountRegidtration - Test case finished ...... 
22:17:45.935 [main] INFO  testCases.TC_001_AccountRegidtration - Started TC_001_AccountRegidtration 
22:17:47.868 [main] INFO  testCases.TC_001_AccountRegidtration - Opened URL 
22:17:48.110 [main] INFO  testCases.TC_001_AccountRegidtration - Opened ClickMyAccount
22:17:49.768 [main] INFO  testCases.TC_001_AccountRegidtration - Sent Gmail
22:17:52.672 [main] INFO  testCases.TC_001_AccountRegidtration - Your Account is created 
22:17:52.675 [main] INFO  testCases.TC_001_AccountRegidtration - Test case finished ...... 
22:22:03.742 [main] INFO  testCases.TC_001_AccountRegidtration - Started TC_001_AccountRegidtration 
22:22:05.213 [main] INFO  testCases.TC_001_AccountRegidtration - Opened URL 
22:22:05.505 [main] INFO  testCases.TC_001_AccountRegidtration - Opened ClickMyAccount
22:22:07.171 [main] INFO  testCases.TC_001_AccountRegidtration - Sent Gmail
22:22:10.132 [main] INFO  testCases.TC_001_AccountRegidtration - Your Account is created 
22:22:10.134 [main] INFO  testCases.TC_001_AccountRegidtration - Test case finished ...... 
22:25:51.021 [main] INFO  testCases.TC_001_AccountRegidtration - Started TC_001_AccountRegidtration 
22:25:52.480 [main] INFO  testCases.TC_001_AccountRegidtration - Opened URL 
22:25:52.795 [main] INFO  testCases.TC_001_AccountRegidtration - Opened ClickMyAccount
22:25:54.426 [main] INFO  testCases.TC_001_AccountRegidtration - Sent Gmail
22:25:57.291 [main] INFO  testCases.TC_001_AccountRegidtration - Your Account is created 
22:25:57.293 [main] INFO  testCases.TC_001_AccountRegidtration - Test case finished ...... 
22:34:22.229 [main] INFO  testCases.TC_001_AccountRegidtration - Started TC_001_AccountRegidtration 
22:34:25.948 [main] INFO  testCases.TC_001_AccountRegidtration - Opened URL 
22:34:26.180 [main] INFO  testCases.TC_001_AccountRegidtration - Opened ClickMyAccount
22:34:28.526 [main] INFO  testCases.TC_001_AccountRegidtration - Sent Gmail
22:34:31.475 [main] INFO  testCases.TC_001_AccountRegidtration - Your Account is created 
22:34:31.478 [main] INFO  testCases.TC_001_AccountRegidtration - Test case finished ...... 
22:40:35.367 [main] INFO  testCases.TC_001_AccountRegidtration - Started TC_001_AccountRegidtration 
22:40:36.796 [main] INFO  testCases.TC_001_AccountRegidtration - Opened URL 
22:40:37.049 [main] INFO  testCases.TC_001_AccountRegidtration - Opened ClickMyAccount
22:40:38.728 [main] INFO  testCases.TC_001_AccountRegidtration - Sent Gmail
22:40:41.570 [main] INFO  testCases.TC_001_AccountRegidtration - Your Account is created 
22:40:41.572 [main] INFO  testCases.TC_001_AccountRegidtration - Test case finished ...... 
22:42:52.292 [main] INFO  testCases.TC_001_AccountRegidtration - Started TC_001_AccountRegidtration 
22:42:53.654 [main] INFO  testCases.TC_001_AccountRegidtration - Opened URL 
22:42:53.947 [main] INFO  testCases.TC_001_AccountRegidtration - Opened ClickMyAccount
22:42:55.602 [main] INFO  testCases.TC_001_AccountRegidtration - Sent Gmail
22:42:58.545 [main] INFO  testCases.TC_001_AccountRegidtration - Your Account is created 
22:42:58.548 [main] INFO  testCases.TC_001_AccountRegidtration - Test case finished ...... 
22:48:05.630 [main] INFO  testCases.TC_001_AccountRegidtration - Started TC_001_AccountRegidtration 
22:48:07.204 [main] INFO  testCases.TC_001_AccountRegidtration - Opened URL 
22:48:07.501 [main] INFO  testCases.TC_001_AccountRegidtration - Opened ClickMyAccount
22:48:09.101 [main] INFO  testCases.TC_001_AccountRegidtration - Sent Gmail
22:48:11.999 [main] INFO  testCases.TC_001_AccountRegidtration - Your Account is created 
22:48:12.001 [main] INFO  testCases.TC_001_AccountRegidtration - Test case finished ...... 
22:49:21.361 [main] INFO  testCases.TC_001_AccountRegidtration - Started TC_001_AccountRegidtration 
22:49:22.880 [main] INFO  testCases.TC_001_AccountRegidtration - Opened URL 
22:49:23.131 [main] INFO  testCases.TC_001_AccountRegidtration - Opened ClickMyAccount
22:49:24.721 [main] INFO  testCases.TC_001_AccountRegidtration - Sent Gmail
22:49:36.483 [main] INFO  testCases.TC_001_AccountRegidtration - Your Account creation failed 
22:54:28.891 [main] INFO  testCases.TC_001_AccountRegidtration - Started TC_001_AccountRegidtration 
22:54:30.497 [main] INFO  testCases.TC_001_AccountRegidtration - Opened URL 
22:54:30.734 [main] INFO  testCases.TC_001_AccountRegidtration - Opened ClickMyAccount
22:54:32.237 [main] INFO  testCases.TC_001_AccountRegidtration - Sent Gmail
22:54:44.062 [main] INFO  testCases.TC_001_AccountRegidtration - Your Account creation failed 
22:59:00.625 [main] INFO  testCases.TC_001_AccountRegidtration - Started TC_001_AccountRegidtration 
22:59:02.165 [main] INFO  testCases.TC_001_AccountRegidtration - Opened URL 
22:59:02.522 [main] INFO  testCases.TC_001_AccountRegidtration - Opened ClickMyAccount
22:59:04.107 [main] INFO  testCases.TC_001_AccountRegidtration - Sent Gmail
22:59:15.909 [main] INFO  testCases.TC_001_AccountRegidtration - Your Account creation failed 
23:01:28.956 [main] INFO  testCases.TC_001_AccountRegidtration - Started TC_001_AccountRegidtration 
23:01:30.560 [main] INFO  testCases.TC_001_AccountRegidtration - Opened URL 
23:01:30.838 [main] INFO  testCases.TC_001_AccountRegidtration - Opened ClickMyAccount
23:01:32.417 [main] INFO  testCases.TC_001_AccountRegidtration - Sent Gmail
23:01:44.187 [main] INFO  testCases.TC_001_AccountRegidtration - Your Account creation failed 
23:03:41.997 [main] INFO  testCases.TC_001_AccountRegidtration - Started TC_001_AccountRegidtration 
23:03:43.474 [main] INFO  testCases.TC_001_AccountRegidtration - Opened URL 
23:03:43.833 [main] INFO  testCases.TC_001_AccountRegidtration - Opened ClickMyAccount
23:03:45.430 [main] INFO  testCases.TC_001_AccountRegidtration - Sent Gmail
23:03:57.239 [main] INFO  testCases.TC_001_AccountRegidtration - Your Account creation failed 
23:05:28.278 [main] INFO  testCases.TC_001_AccountRegidtration - Started TC_001_AccountRegidtration 
23:05:29.772 [main] INFO  testCases.TC_001_AccountRegidtration - Opened URL 
23:05:30.092 [main] INFO  testCases.TC_001_AccountRegidtration - Opened ClickMyAccount
23:05:31.656 [main] INFO  testCases.TC_001_AccountRegidtration - Sent Gmail
23:05:43.367 [main] INFO  testCases.TC_001_AccountRegidtration - Your Account creation failed 
23:09:34.900 [main] INFO  testCases.TC_001_AccountRegidtration - Started TC_001_AccountRegidtration 
23:09:36.494 [main] INFO  testCases.TC_001_AccountRegidtration - Opened URL 
23:09:36.808 [main] INFO  testCases.TC_001_AccountRegidtration - Opened ClickMyAccount
23:09:38.377 [main] INFO  testCases.TC_001_AccountRegidtration - Sent Gmail
23:09:50.158 [main] INFO  testCases.TC_001_AccountRegidtration - Your Account creation failed 
23:12:39.560 [main] INFO  testCases.TC_001_AccountRegidtration - Started TC_001_AccountRegidtration 
23:12:41.077 [main] INFO  testCases.TC_001_AccountRegidtration - Opened URL 
23:12:41.346 [main] INFO  testCases.TC_001_AccountRegidtration - Opened ClickMyAccount
23:12:42.917 [main] INFO  testCases.TC_001_AccountRegidtration - Sent Gmail
23:12:54.725 [main] INFO  testCases.TC_001_AccountRegidtration - Your Account creation failed 
23:40:18.692 [main] INFO  testCases.TC_001_AccountRegidtration - Started TC_001_AccountRegidtration 
23:40:20.013 [main] INFO  testCases.TC_001_AccountRegidtration - Opened URL 
23:40:20.369 [main] INFO  testCases.TC_001_AccountRegidtration - Opened ClickMyAccount
23:40:21.897 [main] INFO  testCases.TC_001_AccountRegidtration - Sent Gmail
23:40:24.486 [main] INFO  testCases.TC_001_AccountRegidtration - Your Account is created 
23:40:24.489 [main] INFO  testCases.TC_001_AccountRegidtration - Test case finished ...... 
23:40:26.023 [main] INFO  testCases.TC_002_Login -  Starting TC_002_Login 
23:40:27.314 [main] INFO  testCases.TC_002_Login - Home Page Displayed 
23:40:27.567 [main] INFO  testCases.TC_002_Login - Clicked on My Account 
23:40:28.838 [main] INFO  testCases.TC_002_Login - Clicked on Login 
23:40:28.941 [main] INFO  testCases.TC_002_Login - Provided Email 
23:40:28.993 [main] INFO  testCases.TC_002_Login - Provided Password 
23:40:32.237 [main] INFO  testCases.TC_002_Login - Clicked on Login
23:40:32.275 [main] INFO  testCases.TC_002_Login - Login Success 
23:40:32.275 [main] INFO  testCases.TC_002_Login -  Finished TC_002_Login 
00:40:18.890 [main] INFO  testCases.TC_001_AccountRegidtration - Started TC_001_AccountRegidtration 
00:40:22.188 [main] INFO  testCases.TC_001_AccountRegidtration - Opened URL 
00:40:22.413 [main] INFO  testCases.TC_001_AccountRegidtration - Opened ClickMyAccount
00:40:24.458 [main] INFO  testCases.TC_001_AccountRegidtration - Sent Gmail
00:40:27.073 [main] INFO  testCases.TC_001_AccountRegidtration - Your Account is created 
00:40:27.076 [main] INFO  testCases.TC_001_AccountRegidtration - Test case finished ...... 
00:40:28.528 [main] INFO  testCases.TC_002_Login -  Starting TC_002_Login 
00:40:29.829 [main] INFO  testCases.TC_002_Login - Home Page Displayed 
00:40:30.084 [main] INFO  testCases.TC_002_Login - Clicked on My Account 
00:40:31.361 [main] INFO  testCases.TC_002_Login - Clicked on Login 
00:40:31.466 [main] INFO  testCases.TC_002_Login - Provided Email 
00:40:31.520 [main] INFO  testCases.TC_002_Login - Provided Password 
00:40:33.973 [main] INFO  testCases.TC_002_Login - Clicked on Login
00:40:34.014 [main] INFO  testCases.TC_002_Login - Login Success 
00:40:34.014 [main] INFO  testCases.TC_002_Login -  Finished TC_002_Login 
00:40:36.271 [main] INFO  testCases.TC_003_LoginDDT -  Starting TC_003_LoginDDT 
00:40:37.541 [main] INFO  testCases.TC_003_LoginDDT - Home Page Displayed 
00:40:37.786 [main] INFO  testCases.TC_003_LoginDDT - Clicked on My Account 
00:40:39.038 [main] INFO  testCases.TC_003_LoginDDT - Clicked on Login 
00:40:39.142 [main] INFO  testCases.TC_003_LoginDDT - Provided Email 
00:40:39.197 [main] INFO  testCases.TC_003_LoginDDT - Provided Password 
00:40:41.604 [main] INFO  testCases.TC_003_LoginDDT - Clicked on Login
00:40:41.638 [main] INFO  testCases.TC_003_LoginDDT - Login Success 
00:40:43.826 [main] INFO  testCases.TC_003_LoginDDT -  Finished TC_003_LoginDDT 
00:40:43.828 [main] INFO  testCases.TC_003_LoginDDT -  Starting TC_003_LoginDDT 
00:40:45.074 [main] INFO  testCases.TC_003_LoginDDT - Home Page Displayed 
00:40:45.225 [main] INFO  testCases.TC_003_LoginDDT - Clicked on My Account 
00:40:46.454 [main] INFO  testCases.TC_003_LoginDDT - Clicked on Login 
00:40:46.521 [main] INFO  testCases.TC_003_LoginDDT - Provided Email 
00:40:46.568 [main] INFO  testCases.TC_003_LoginDDT - Provided Password 
00:40:48.087 [main] INFO  testCases.TC_003_LoginDDT - Clicked on Login
00:40:58.124 [main] ERROR testCases.TC_003_LoginDDT - Login Failed 
00:40:58.125 [main] INFO  testCases.TC_003_LoginDDT -  Finished TC_003_LoginDDT 
00:40:58.127 [main] INFO  testCases.TC_003_LoginDDT -  Starting TC_003_LoginDDT 
00:40:59.377 [main] INFO  testCases.TC_003_LoginDDT - Home Page Displayed 
00:40:59.527 [main] INFO  testCases.TC_003_LoginDDT - Clicked on My Account 
00:41:00.762 [main] INFO  testCases.TC_003_LoginDDT - Clicked on Login 
00:41:00.821 [main] INFO  testCases.TC_003_LoginDDT - Provided Email 
00:41:00.869 [main] INFO  testCases.TC_003_LoginDDT - Provided Password 
00:41:02.302 [main] INFO  testCases.TC_003_LoginDDT - Clicked on Login
00:41:12.334 [main] ERROR testCases.TC_003_LoginDDT - Login Failed 
00:41:12.334 [main] INFO  testCases.TC_003_LoginDDT -  Finished TC_003_LoginDDT 
00:41:12.337 [main] INFO  testCases.TC_003_LoginDDT -  Starting TC_003_LoginDDT 
00:41:13.571 [main] INFO  testCases.TC_003_LoginDDT - Home Page Displayed 
00:41:13.719 [main] INFO  testCases.TC_003_LoginDDT - Clicked on My Account 
00:41:14.967 [main] INFO  testCases.TC_003_LoginDDT - Clicked on Login 
00:41:15.032 [main] INFO  testCases.TC_003_LoginDDT - Provided Email 
00:41:15.086 [main] INFO  testCases.TC_003_LoginDDT - Provided Password 
00:41:16.554 [main] INFO  testCases.TC_003_LoginDDT - Clicked on Login
00:41:26.577 [main] ERROR testCases.TC_003_LoginDDT - Login Failed 
00:41:26.577 [main] INFO  testCases.TC_003_LoginDDT -  Finished TC_003_LoginDDT 
11:40:51.070 [main] INFO  testCases.TC_001_AccountRegidtration - Started TC_001_AccountRegidtration 
11:40:52.482 [main] INFO  testCases.TC_001_AccountRegidtration - Opened URL 
11:40:52.703 [main] INFO  testCases.TC_001_AccountRegidtration - Opened ClickMyAccount
11:40:54.172 [main] INFO  testCases.TC_001_AccountRegidtration - Sent Gmail
11:40:56.731 [main] INFO  testCases.TC_001_AccountRegidtration - Your Account is created 
11:40:56.733 [main] INFO  testCases.TC_001_AccountRegidtration - Test case finished ...... 
11:40:58.063 [main] INFO  testCases.TC_002_Login -  Starting TC_002_Login 
11:40:59.512 [main] INFO  testCases.TC_002_Login - Home Page Displayed 
11:40:59.731 [main] INFO  testCases.TC_002_Login - Clicked on My Account 
11:41:01.013 [main] INFO  testCases.TC_002_Login - Clicked on Login 
11:41:01.115 [main] INFO  testCases.TC_002_Login - Provided Email 
11:41:01.170 [main] INFO  testCases.TC_002_Login - Provided Password 
11:41:03.575 [main] INFO  testCases.TC_002_Login - Clicked on Login
11:41:03.614 [main] INFO  testCases.TC_002_Login - Login Success 
11:41:03.614 [main] INFO  testCases.TC_002_Login -  Finished TC_002_Login 
11:41:05.833 [main] INFO  testCases.TC_003_LoginDDT -  Starting TC_003_LoginDDT 
11:41:07.442 [main] INFO  testCases.TC_003_LoginDDT - Home Page Displayed 
11:41:07.646 [main] INFO  testCases.TC_003_LoginDDT - Clicked on My Account 
11:41:08.936 [main] INFO  testCases.TC_003_LoginDDT - Clicked on Login 
11:41:09.036 [main] INFO  testCases.TC_003_LoginDDT - Provided Email 
11:41:09.089 [main] INFO  testCases.TC_003_LoginDDT - Provided Password 
11:41:12.594 [main] INFO  testCases.TC_003_LoginDDT - Clicked on Login
11:41:12.629 [main] INFO  testCases.TC_003_LoginDDT - Login Success 
11:41:14.880 [main] INFO  testCases.TC_003_LoginDDT -  Finished TC_003_LoginDDT 
11:41:14.881 [main] INFO  testCases.TC_003_LoginDDT -  Starting TC_003_LoginDDT 
11:41:16.134 [main] INFO  testCases.TC_003_LoginDDT - Home Page Displayed 
11:41:16.280 [main] INFO  testCases.TC_003_LoginDDT - Clicked on My Account 
11:41:17.502 [main] INFO  testCases.TC_003_LoginDDT - Clicked on Login 
11:41:17.574 [main] INFO  testCases.TC_003_LoginDDT - Provided Email 
11:41:17.621 [main] INFO  testCases.TC_003_LoginDDT - Provided Password 
11:41:19.483 [main] INFO  testCases.TC_003_LoginDDT - Clicked on Login
11:41:29.526 [main] ERROR testCases.TC_003_LoginDDT - Login Failed 
11:41:29.526 [main] INFO  testCases.TC_003_LoginDDT -  Finished TC_003_LoginDDT 
11:41:29.527 [main] INFO  testCases.TC_003_LoginDDT -  Starting TC_003_LoginDDT 
11:41:30.771 [main] INFO  testCases.TC_003_LoginDDT - Home Page Displayed 
11:41:30.923 [main] INFO  testCases.TC_003_LoginDDT - Clicked on My Account 
11:41:32.169 [main] INFO  testCases.TC_003_LoginDDT - Clicked on Login 
11:41:32.226 [main] INFO  testCases.TC_003_LoginDDT - Provided Email 
11:41:32.274 [main] INFO  testCases.TC_003_LoginDDT - Provided Password 
11:41:34.272 [main] INFO  testCases.TC_003_LoginDDT - Clicked on Login
11:41:44.305 [main] ERROR testCases.TC_003_LoginDDT - Login Failed 
11:41:44.305 [main] INFO  testCases.TC_003_LoginDDT -  Finished TC_003_LoginDDT 
11:41:44.306 [main] INFO  testCases.TC_003_LoginDDT -  Starting TC_003_LoginDDT 
11:41:45.555 [main] INFO  testCases.TC_003_LoginDDT - Home Page Displayed 
11:41:45.706 [main] INFO  testCases.TC_003_LoginDDT - Clicked on My Account 
11:41:46.961 [main] INFO  testCases.TC_003_LoginDDT - Clicked on Login 
11:41:47.019 [main] INFO  testCases.TC_003_LoginDDT - Provided Email 
11:41:47.072 [main] INFO  testCases.TC_003_LoginDDT - Provided Password 
11:41:48.570 [main] INFO  testCases.TC_003_LoginDDT - Clicked on Login
11:41:58.606 [main] ERROR testCases.TC_003_LoginDDT - Login Failed 
11:41:58.606 [main] INFO  testCases.TC_003_LoginDDT -  Finished TC_003_LoginDDT 
14:00:06.052 [main] INFO  testCases.TC_001_AccountRegidtration - Started TC_001_AccountRegidtration 
14:00:07.494 [main] INFO  testCases.TC_001_AccountRegidtration - Opened URL 
14:00:07.761 [main] INFO  testCases.TC_001_AccountRegidtration - Opened ClickMyAccount
14:00:09.255 [main] INFO  testCases.TC_001_AccountRegidtration - Sent Gmail
14:00:11.865 [main] INFO  testCases.TC_001_AccountRegidtration - Your Account is created 
14:00:11.867 [main] INFO  testCases.TC_001_AccountRegidtration - Test case finished ...... 
14:00:13.395 [main] INFO  testCases.TC_002_Login -  Starting TC_002_Login 
14:00:14.898 [main] INFO  testCases.TC_002_Login - Home Page Displayed 
14:00:15.115 [main] INFO  testCases.TC_002_Login - Clicked on My Account 
14:00:16.376 [main] INFO  testCases.TC_002_Login - Clicked on Login 
14:00:16.487 [main] INFO  testCases.TC_002_Login - Provided Email 
14:00:16.541 [main] INFO  testCases.TC_002_Login - Provided Password 
14:00:19.415 [main] INFO  testCases.TC_002_Login - Clicked on Login
14:00:19.454 [main] INFO  testCases.TC_002_Login - Login Success 
14:00:19.455 [main] INFO  testCases.TC_002_Login -  Finished TC_002_Login 
13:32:55.916 [main] INFO  testCases.TC_001_AccountRegidtration - Started TC_001_AccountRegidtration 
13:32:57.424 [main] INFO  testCases.TC_001_AccountRegidtration - Opened URL 
13:32:57.646 [main] INFO  testCases.TC_001_AccountRegidtration - Opened ClickMyAccount
13:32:59.775 [main] INFO  testCases.TC_001_AccountRegidtration - Sent Gmail
13:33:02.406 [main] INFO  testCases.TC_001_AccountRegidtration - Your Account is created 
13:33:02.407 [main] INFO  testCases.TC_001_AccountRegidtration - Test case finished ...... 
13:33:03.711 [main] INFO  testCases.TC_002_Login -  Starting TC_002_Login 
13:33:05.151 [main] INFO  testCases.TC_002_Login - Home Page Displayed 
13:33:05.350 [main] INFO  testCases.TC_002_Login - Clicked on My Account 
13:33:06.668 [main] INFO  testCases.TC_002_Login - Clicked on Login 
13:33:06.782 [main] INFO  testCases.TC_002_Login - Provided Email 
13:33:06.835 [main] INFO  testCases.TC_002_Login - Provided Password 
13:33:09.802 [main] INFO  testCases.TC_002_Login - Clicked on Login
13:33:09.843 [main] INFO  testCases.TC_002_Login - Login Success 
13:33:09.843 [main] INFO  testCases.TC_002_Login -  Finished TC_002_Login 
13:33:11.908 [main] INFO  testCases.TC_003_LoginDDT -  Starting TC_003_LoginDDT 
13:33:13.318 [main] INFO  testCases.TC_003_LoginDDT - Home Page Displayed 
13:33:13.529 [main] INFO  testCases.TC_003_LoginDDT - Clicked on My Account 
13:33:14.781 [main] INFO  testCases.TC_003_LoginDDT - Clicked on Login 
13:33:14.896 [main] INFO  testCases.TC_003_LoginDDT - Provided Email 
13:33:14.947 [main] INFO  testCases.TC_003_LoginDDT - Provided Password 
13:33:17.344 [main] INFO  testCases.TC_003_LoginDDT - Clicked on Login
13:33:17.375 [main] INFO  testCases.TC_003_LoginDDT - Login Success 
13:33:19.600 [main] INFO  testCases.TC_003_LoginDDT -  Finished TC_003_LoginDDT 
13:33:19.601 [main] INFO  testCases.TC_003_LoginDDT -  Starting TC_003_LoginDDT 
13:33:21.680 [main] INFO  testCases.TC_003_LoginDDT - Home Page Displayed 
13:33:21.831 [main] INFO  testCases.TC_003_LoginDDT - Clicked on My Account 
13:33:23.141 [main] INFO  testCases.TC_003_LoginDDT - Clicked on Login 
13:33:23.210 [main] INFO  testCases.TC_003_LoginDDT - Provided Email 
13:33:23.256 [main] INFO  testCases.TC_003_LoginDDT - Provided Password 
13:33:24.716 [main] INFO  testCases.TC_003_LoginDDT - Clicked on Login
13:33:34.755 [main] ERROR testCases.TC_003_LoginDDT - Login Failed 
13:33:34.756 [main] INFO  testCases.TC_003_LoginDDT -  Finished TC_003_LoginDDT 
13:33:34.757 [main] INFO  testCases.TC_003_LoginDDT -  Starting TC_003_LoginDDT 
13:33:36.087 [main] INFO  testCases.TC_003_LoginDDT - Home Page Displayed 
13:33:36.237 [main] INFO  testCases.TC_003_LoginDDT - Clicked on My Account 
13:33:37.561 [main] INFO  testCases.TC_003_LoginDDT - Clicked on Login 
13:33:37.616 [main] INFO  testCases.TC_003_LoginDDT - Provided Email 
13:33:37.664 [main] INFO  testCases.TC_003_LoginDDT - Provided Password 
13:33:39.121 [main] INFO  testCases.TC_003_LoginDDT - Clicked on Login
13:33:49.154 [main] ERROR testCases.TC_003_LoginDDT - Login Failed 
13:33:49.154 [main] INFO  testCases.TC_003_LoginDDT -  Finished TC_003_LoginDDT 
13:33:49.155 [main] INFO  testCases.TC_003_LoginDDT -  Starting TC_003_LoginDDT 
13:33:50.651 [main] INFO  testCases.TC_003_LoginDDT - Home Page Displayed 
13:33:50.804 [main] INFO  testCases.TC_003_LoginDDT - Clicked on My Account 
13:33:52.051 [main] INFO  testCases.TC_003_LoginDDT - Clicked on Login 
13:33:52.114 [main] INFO  testCases.TC_003_LoginDDT - Provided Email 
13:33:52.162 [main] INFO  testCases.TC_003_LoginDDT - Provided Password 
13:33:53.628 [main] INFO  testCases.TC_003_LoginDDT - Clicked on Login
13:34:03.650 [main] ERROR testCases.TC_003_LoginDDT - Login Failed 
13:34:03.650 [main] INFO  testCases.TC_003_LoginDDT -  Finished TC_003_LoginDDT 
